# JRE version: Java(TM) SE Runtime Environment (17.0.5+9) (build 17.0.5+9-LTS-191)
# Java VM: Java HotSpot(TM) 64-Bit Server VM (17.0.5+9-LTS-191, mixed mode, sharing, tiered, compressed oops, compressed class ptrs, g1 gc, windows-amd64)
GC Precious Log:
 CPUs: 4 total, 4 available
 Memory: 7991M
 Large Page Support: Disabled
 NUMA Support: Disabled
 Compressed Oops: Enabled (32-bit)
 Heap Region Size: 1M
 Heap Min Capacity: 8M
 Heap Initial Capacity: 126M
 Heap Max Capacity: 1998M
 Pre-touch: Disabled
 Parallel Workers: 4
 Concurrent Workers: 1
 Concurrent Refinement Workers: 4
 Periodic GC: Disabled
Heap:
 garbage-first heap   total 142336K, used 82619K [0x0000000083200000, 0x0000000100000000)
  region size 1024K, 15 young (15360K), 5 survivors (5120K)
 Metaspace       used 43831K, committed 44224K, reserved 1089536K
  class space    used 5293K, committed 5504K, reserved 1048576K
GC Heap History (20 events):
Event: 138.602 GC heap before
{Heap before GC invocations=28 (full 0):
 garbage-first heap   total 116736K, used 67880K [0x0000000083200000, 0x0000000100000000)
  region size 1024K, 6 young (6144K), 2 survivors (2048K)
 Metaspace       used 42948K, committed 43264K, reserved 1089536K
  class space    used 5282K, committed 5440K, reserved 1048576K
}
Event: 138.620 GC heap after
{Heap after GC invocations=29 (full 0):
 garbage-first heap   total 116736K, used 64412K [0x0000000083200000, 0x0000000100000000)
  region size 1024K, 2 young (2048K), 2 survivors (2048K)
 Metaspace       used 42948K, committed 43264K, reserved 1089536K
  class space    used 5282K, committed 5440K, reserved 1048576K
}
Event: 140.518 GC heap before
{Heap before GC invocations=30 (full 0):
 garbage-first heap   total 142336K, used 85916K [0x0000000083200000, 0x0000000100000000)
  region size 1024K, 9 young (9216K), 2 survivors (2048K)
 Metaspace       used 42999K, committed 43328K, reserved 1089536K
  class space    used 5282K, committed 5440K, reserved 1048576K
}
Event: 140.520 GC heap after
{Heap after GC invocations=31 (full 0):
 garbage-first heap   total 142336K, used 65901K [0x0000000083200000, 0x0000000100000000)
  region size 1024K, 2 young (2048K), 2 survivors (2048K)
 Metaspace       used 42999K, committed 43328K, reserved 1089536K
  class space    used 5282K, committed 5440K, reserved 1048576K
}
Event: 161.929 GC heap before
{Heap before GC invocations=32 (full 0):
 garbage-first heap   total 142336K, used 74093K [0x0000000083200000, 0x0000000100000000)
  region size 1024K, 6 young (6144K), 2 survivors (2048K)
 Metaspace       used 43077K, committed 43392K, reserved 1089536K
  class space    used 5282K, committed 5440K, reserved 1048576K
}
Event: 161.952 GC heap after
{Heap after GC invocations=33 (full 0):
 garbage-first heap   total 142336K, used 69769K [0x0000000083200000, 0x0000000100000000)
  region size 1024K, 2 young (2048K), 2 survivors (2048K)
 Metaspace       used 43077K, committed 43392K, reserved 1089536K
  class space    used 5282K, committed 5440K, reserved 1048576K
}
Event: 183.296 GC heap before
{Heap before GC invocations=34 (full 0):
 garbage-first heap   total 142336K, used 88201K [0x0000000083200000, 0x0000000100000000)
  region size 1024K, 20 young (20480K), 2 survivors (2048K)
 Metaspace       used 43206K, committed 43520K, reserved 1089536K
  class space    used 5282K, committed 5440K, reserved 1048576K
}
Event: 183.299 GC heap after
{Heap after GC invocations=35 (full 0):
 garbage-first heap   total 142336K, used 71836K [0x0000000083200000, 0x0000000100000000)
  region size 1024K, 3 young (3072K), 3 survivors (3072K)
 Metaspace       used 43206K, committed 43520K, reserved 1089536K
  class space    used 5282K, committed 5440K, reserved 1048576K
}
Event: 183.634 GC heap before
{Heap before GC invocations=36 (full 0):
 garbage-first heap   total 142336K, used 75932K [0x0000000083200000, 0x0000000100000000)
  region size 1024K, 7 young (7168K), 3 survivors (3072K)
 Metaspace       used 43231K, committed 43584K, reserved 1089536K
  class space    used 5282K, committed 5440K, reserved 1048576K
}
Event: 183.639 GC heap after
{Heap after GC invocations=37 (full 0):
 garbage-first heap   total 142336K, used 71830K [0x0000000083200000, 0x0000000100000000)
  region size 1024K, 3 young (3072K), 3 survivors (3072K)
 Metaspace       used 43231K, committed 43584K, reserved 1089536K
  class space    used 5282K, committed 5440K, reserved 1048576K
}
Event: 208.797 GC heap before
{Heap before GC invocations=38 (full 0):
 garbage-first heap   total 142336K, used 80022K [0x0000000083200000, 0x0000000100000000)
  region size 1024K, 12 young (12288K), 3 survivors (3072K)
 Metaspace       used 43297K, committed 43648K, reserved 1089536K
  class space    used 5282K, committed 5440K, reserved 1048576K
}
Event: 208.811 GC heap after
{Heap after GC invocations=39 (full 0):
 garbage-first heap   total 142336K, used 71628K [0x0000000083200000, 0x0000000100000000)
  region size 1024K, 3 young (3072K), 3 survivors (3072K)
 Metaspace       used 43297K, committed 43648K, reserved 1089536K
  class space    used 5282K, committed 5440K, reserved 1048576K
}
Event: 209.022 GC heap before
{Heap before GC invocations=40 (full 0):
 garbage-first heap   total 142336K, used 76748K [0x0000000083200000, 0x0000000100000000)
  region size 1024K, 5 young (5120K), 3 survivors (3072K)
 Metaspace       used 43297K, committed 43648K, reserved 1089536K
  class space    used 5282K, committed 5440K, reserved 1048576K
}
Event: 209.026 GC heap after
{Heap after GC invocations=41 (full 0):
 garbage-first heap   total 142336K, used 73815K [0x0000000083200000, 0x0000000100000000)
  region size 1024K, 3 young (3072K), 3 survivors (3072K)
 Metaspace       used 43297K, committed 43648K, reserved 1089536K
  class space    used 5282K, committed 5440K, reserved 1048576K
}
Event: 209.218 GC heap before
{Heap before GC invocations=42 (full 0):
 garbage-first heap   total 142336K, used 78935K [0x0000000083200000, 0x0000000100000000)
  region size 1024K, 4 young (4096K), 3 survivors (3072K)
 Metaspace       used 43297K, committed 43648K, reserved 1089536K
  class space    used 5282K, committed 5440K, reserved 1048576K
}
Event: 209.221 GC heap after
{Heap after GC invocations=43 (full 0):
 garbage-first heap   total 142336K, used 74890K [0x0000000083200000, 0x0000000100000000)
  region size 1024K, 3 young (3072K), 3 survivors (3072K)
 Metaspace       used 43297K, committed 43648K, reserved 1089536K
  class space    used 5282K, committed 5440K, reserved 1048576K
}
Event: 229.485 GC heap before
{Heap before GC invocations=44 (full 0):
 garbage-first heap   total 142336K, used 88202K [0x0000000083200000, 0x0000000100000000)
  region size 1024K, 12 young (12288K), 3 survivors (3072K)
 Metaspace       used 43375K, committed 43712K, reserved 1089536K
  class space    used 5282K, committed 5440K, reserved 1048576K
}
Event: 229.492 GC heap after
{Heap after GC invocations=45 (full 0):
 garbage-first heap   total 142336K, used 73117K [0x0000000083200000, 0x0000000100000000)
  region size 1024K, 4 young (4096K), 4 survivors (4096K)
 Metaspace       used 43375K, committed 43712K, reserved 1089536K
  class space    used 5282K, committed 5440K, reserved 1048576K
}
Event: 292.873 GC heap before
{Heap before GC invocations=46 (full 0):
 garbage-first heap   total 142336K, used 122269K [0x0000000083200000, 0x0000000100000000)
  region size 1024K, 51 young (52224K), 4 survivors (4096K)
 Metaspace       used 43767K, committed 44160K, reserved 1089536K
  class space    used 5293K, committed 5504K, reserved 1048576K
}
Event: 292.908 GC heap after
{Heap after GC invocations=47 (full 0):
 garbage-first heap   total 142336K, used 73403K [0x0000000083200000, 0x0000000100000000)
  region size 1024K, 5 young (5120K), 5 survivors (5120K)
 Metaspace       used 43767K, committed 44160K, reserved 1089536K
  class space    used 5293K, committed 5504K, reserved 1048576K
}

