<?xml version="1.0" encoding="UTF-8"?>
<!-- Generated by org.testng.reporters.JUnitXMLReporter -->
<testsuite ignored="1" hostname="GarvitDevice" failures="0" tests="4" name="Default test" time="57.113" errors="0" timestamp="2022-11-28T14:52:03 IST">
  <testcase classname="com.dotKonnekt.tests.RecipePageTest" name="verifyTitle" time="0.064"/>
  <testcase classname="com.dotKonnekt.tests.RecipePageTest" name="verifyPageHeader" time="5.455"/>
  <testcase classname="com.dotKonnekt.tests.RecipePageTest" name="verifyDirections" time="2.777"/>
  <testcase classname="com.dotKonnekt.tests.RecipePageTest" name="verifyBlog" time="6.846"/>
  <testcase classname="com.dotKonnekt.tests.RecipePageTest" name="verifyMenusLists" time="0.0">
    <ignored/>
  </testcase> <!-- verifyMenusLists -->
</testsuite> <!-- Default test -->
