<?xml version="1.0" encoding="UTF-8"?>
<!-- Generated by org.testng.reporters.JUnitXMLReporter -->
<testsuite ignored="13" hostname="GarvitDevice" failures="0" tests="1" name="NotLoggedIn Test" time="54.333" errors="0" timestamp="2023-01-31T14:20:48 IST">
  <testcase classname="com.dotKonnekt.tests.New_RecipePage" name="TitleVerification" time="36.863"/>
  <testcase classname="com.dotKonnekt.tests.New_RecipePage" name="authornameVerification" time="0.0">
    <ignored/>
  </testcase> <!-- authornameVerification -->
  <testcase classname="com.dotKonnekt.tests.New_RecipePage" name="shopTheIngredientsVeriffication" time="0.0">
    <ignored/>
  </testcase> <!-- shopTheIngredientsVeriffication -->
  <testcase classname="com.dotKonnekt.tests.New_RecipePage" name="addCommentVerification" time="0.0">
    <ignored/>
  </testcase> <!-- addCommentVerification -->
  <testcase classname="com.dotKonnekt.tests.New_RecipePage" name="commentsSection" time="0.0">
    <ignored/>
  </testcase> <!-- commentsSection -->
  <testcase classname="com.dotKonnekt.tests.New_RecipePage" name="likeIconFunctionality1" time="0.0">
    <ignored/>
  </testcase> <!-- likeIconFunctionality1 -->
  <testcase classname="com.dotKonnekt.tests.New_RecipePage" name="NutritionlistVerification" time="0.0">
    <ignored/>
  </testcase> <!-- NutritionlistVerification -->
  <testcase classname="com.dotKonnekt.tests.New_RecipePage" name="AddCommentinCommentSeection" time="0.0">
    <ignored/>
  </testcase> <!-- AddCommentinCommentSeection -->
  <testcase classname="com.dotKonnekt.tests.New_RecipePage" name="recipeImage" time="0.0">
    <ignored/>
  </testcase> <!-- recipeImage -->
  <testcase classname="com.dotKonnekt.tests.New_RecipePage" name="RecipeVideoverification" time="0.0">
    <ignored/>
  </testcase> <!-- RecipeVideoverification -->
  <testcase classname="com.dotKonnekt.tests.New_RecipePage" name="tagsVerification" time="0.0">
    <ignored/>
  </testcase> <!-- tagsVerification -->
  <testcase classname="com.dotKonnekt.tests.New_RecipePage" name="bookMarkIconFunctionality" time="0.0">
    <ignored/>
  </testcase> <!-- bookMarkIconFunctionality -->
  <testcase classname="com.dotKonnekt.tests.New_RecipePage" name="blogTitleVerification" time="0.0">
    <ignored/>
  </testcase> <!-- blogTitleVerification -->
  <testcase classname="com.dotKonnekt.tests.New_RecipePage" name="likeIconFunctionality" time="0.0">
    <ignored/>
  </testcase> <!-- likeIconFunctionality -->
</testsuite> <!-- NotLoggedIn Test -->
