<?xml version="1.0" encoding="UTF-8"?>
<!-- Generated by org.testng.reporters.JUnitXMLReporter -->
<testsuite ignored="1" hostname="GarvitDevice" failures="0" tests="4" name="Test" time="40.752" errors="0" timestamp="2022-11-28T09:31:32 IST">
  <testcase classname="com.dotKonnekt.tests.RecipePageTest" name="verifyTitle" time="0.05"/>
  <testcase classname="com.dotKonnekt.tests.RecipePageTest" name="verifyPageHeader" time="5.232"/>
  <testcase classname="com.dotKonnekt.tests.RecipePageTest" name="verifyDirections" time="1.798"/>
  <testcase classname="com.dotKonnekt.tests.RecipePageTest" name="verifyBlog" time="5.978"/>
  <testcase classname="com.dotKonnekt.tests.RecipePageTest" name="verifyMenusLists" time="0.0">
    <ignored/>
  </testcase> <!-- verifyMenusLists -->
</testsuite> <!-- Test -->
