<?xml version="1.0" encoding="UTF-8"?>
<!-- Generated by org.testng.reporters.JUnitXMLReporter -->
<testsuite ignored="18" hostname="GarvitDevice" failures="9" tests="9" name="Test" time="313.984" errors="0" timestamp="2023-02-24T13:07:36 IST">
  <testcase classname="com.dotKonnekt.tests.RecipePageTest" name="RecipePage_AddCommentinCommentSeection" time="47.703">
    <failure type="org.openqa.selenium.TimeoutException" message="timeout: Timed out receiving message from renderer: 36.648
  (Session info: chrome=110.0.5481.177)
Build info: version: &amp;apos;4.5.3&amp;apos;, revision: &amp;apos;4b786a1e430&amp;apos;
System info: os.name: &amp;apos;Windows 11&amp;apos;, os.arch: &amp;apos;amd64&amp;apos;, os.version: &amp;apos;10.0&amp;apos;, java.version: &amp;apos;17.0.5&amp;apos;
Driver info: org.openqa.selenium.chrome.ChromeDriver
Command: [239ff8e7835068d42e78615fff82719d, get {url=https://develop.d1fzm6olmw007.amplifyapp.com/login}]
Capabilities {acceptInsecureCerts: false, browserName: chrome, browserVersion: 110.0.5481.177, chrome: {chromedriverVersion: 110.0.5481.77 (65ed616c6e8e..., userDataDir: C:\Users\garvi\AppData\Loca...}, goog:chromeOptions: {debuggerAddress: localhost:61692}, networkConnectionEnabled: false, pageLoadStrategy: normal, platformName: WINDOWS, proxy: Proxy(), se:cdp: ws://localhost:61692/devtoo..., se:cdpVersion: 110.0.5481.177, setWindowRect: true, strictFileInteractability: false, timeouts: {implicit: 0, pageLoad: 300000, script: 30000}, unhandledPromptBehavior: dismiss and notify, webauthn:extension:credBlob: true, webauthn:extension:largeBlob: true, webauthn:virtualAuthenticators: true}
Session ID: 239ff8e7835068d42e78615fff82719d">
      <![CDATA[org.openqa.selenium.TimeoutException: timeout: Timed out receiving message from renderer: 36.648
  (Session info: chrome=110.0.5481.177)
Build info: version: '4.5.3', revision: '4b786a1e430'
System info: os.name: 'Windows 11', os.arch: 'amd64', os.version: '10.0', java.version: '17.0.5'
Driver info: org.openqa.selenium.chrome.ChromeDriver
Command: [239ff8e7835068d42e78615fff82719d, get {url=https://develop.d1fzm6olmw007.amplifyapp.com/login}]
Capabilities {acceptInsecureCerts: false, browserName: chrome, browserVersion: 110.0.5481.177, chrome: {chromedriverVersion: 110.0.5481.77 (65ed616c6e8e..., userDataDir: C:\Users\garvi\AppData\Loca...}, goog:chromeOptions: {debuggerAddress: localhost:61692}, networkConnectionEnabled: false, pageLoadStrategy: normal, platformName: WINDOWS, proxy: Proxy(), se:cdp: ws://localhost:61692/devtoo..., se:cdpVersion: 110.0.5481.177, setWindowRect: true, strictFileInteractability: false, timeouts: {implicit: 0, pageLoad: 300000, script: 30000}, unhandledPromptBehavior: dismiss and notify, webauthn:extension:credBlob: true, webauthn:extension:largeBlob: true, webauthn:virtualAuthenticators: true}
Session ID: 239ff8e7835068d42e78615fff82719d
at org.openqa.selenium.remote.codec.w3c.W3CHttpResponseCodec.createException(W3CHttpResponseCodec.java:200)
at org.openqa.selenium.remote.codec.w3c.W3CHttpResponseCodec.decode(W3CHttpResponseCodec.java:133)
at org.openqa.selenium.remote.codec.w3c.W3CHttpResponseCodec.decode(W3CHttpResponseCodec.java:53)
at org.openqa.selenium.remote.HttpCommandExecutor.execute(HttpCommandExecutor.java:184)
at org.openqa.selenium.remote.service.DriverCommandExecutor.invokeExecute(DriverCommandExecutor.java:167)
at org.openqa.selenium.remote.service.DriverCommandExecutor.execute(DriverCommandExecutor.java:142)
at org.openqa.selenium.remote.RemoteWebDriver.execute(RemoteWebDriver.java:541)
at org.openqa.selenium.remote.RemoteWebDriver.get(RemoteWebDriver.java:310)
at com.dotKonnekt.base.BaseClass.launchApp_V1(BaseClass.java:92)
at com.dotKonnekt.tests.RecipePageTest.RecipePage_AddCommentinCommentSeection(RecipePageTest.java:277)
at java.base/java.util.ArrayList.forEach(ArrayList.java:1511)
... Removed 32 stack frames]]>
    </failure>
  </testcase> <!-- RecipePage_AddCommentinCommentSeection -->
  <testcase classname="com.dotKonnekt.tests.RecipePageTest" name="RecipePage_AddCommentinCommentSeection" time="41.072">
    <failure type="org.openqa.selenium.TimeoutException" message="timeout: Timed out receiving message from renderer: 39.101
  (Session info: chrome=110.0.5481.177)
Build info: version: &amp;apos;4.5.3&amp;apos;, revision: &amp;apos;4b786a1e430&amp;apos;
System info: os.name: &amp;apos;Windows 11&amp;apos;, os.arch: &amp;apos;amd64&amp;apos;, os.version: &amp;apos;10.0&amp;apos;, java.version: &amp;apos;17.0.5&amp;apos;
Driver info: org.openqa.selenium.chrome.ChromeDriver
Command: [6bf848d26b66614e05247c6f9c63e23e, get {url=https://develop.d1fzm6olmw007.amplifyapp.com/login}]
Capabilities {acceptInsecureCerts: false, browserName: chrome, browserVersion: 110.0.5481.177, chrome: {chromedriverVersion: 110.0.5481.77 (65ed616c6e8e..., userDataDir: C:\Users\garvi\AppData\Loca...}, goog:chromeOptions: {debuggerAddress: localhost:61748}, networkConnectionEnabled: false, pageLoadStrategy: normal, platformName: WINDOWS, proxy: Proxy(), se:cdp: ws://localhost:61748/devtoo..., se:cdpVersion: 110.0.5481.177, setWindowRect: true, strictFileInteractability: false, timeouts: {implicit: 0, pageLoad: 300000, script: 30000}, unhandledPromptBehavior: dismiss and notify, webauthn:extension:credBlob: true, webauthn:extension:largeBlob: true, webauthn:virtualAuthenticators: true}
Session ID: 6bf848d26b66614e05247c6f9c63e23e">
      <![CDATA[org.openqa.selenium.TimeoutException: timeout: Timed out receiving message from renderer: 39.101
  (Session info: chrome=110.0.5481.177)
Build info: version: '4.5.3', revision: '4b786a1e430'
System info: os.name: 'Windows 11', os.arch: 'amd64', os.version: '10.0', java.version: '17.0.5'
Driver info: org.openqa.selenium.chrome.ChromeDriver
Command: [6bf848d26b66614e05247c6f9c63e23e, get {url=https://develop.d1fzm6olmw007.amplifyapp.com/login}]
Capabilities {acceptInsecureCerts: false, browserName: chrome, browserVersion: 110.0.5481.177, chrome: {chromedriverVersion: 110.0.5481.77 (65ed616c6e8e..., userDataDir: C:\Users\garvi\AppData\Loca...}, goog:chromeOptions: {debuggerAddress: localhost:61748}, networkConnectionEnabled: false, pageLoadStrategy: normal, platformName: WINDOWS, proxy: Proxy(), se:cdp: ws://localhost:61748/devtoo..., se:cdpVersion: 110.0.5481.177, setWindowRect: true, strictFileInteractability: false, timeouts: {implicit: 0, pageLoad: 300000, script: 30000}, unhandledPromptBehavior: dismiss and notify, webauthn:extension:credBlob: true, webauthn:extension:largeBlob: true, webauthn:virtualAuthenticators: true}
Session ID: 6bf848d26b66614e05247c6f9c63e23e
at org.openqa.selenium.remote.codec.w3c.W3CHttpResponseCodec.createException(W3CHttpResponseCodec.java:200)
at org.openqa.selenium.remote.codec.w3c.W3CHttpResponseCodec.decode(W3CHttpResponseCodec.java:133)
at org.openqa.selenium.remote.codec.w3c.W3CHttpResponseCodec.decode(W3CHttpResponseCodec.java:53)
at org.openqa.selenium.remote.HttpCommandExecutor.execute(HttpCommandExecutor.java:184)
at org.openqa.selenium.remote.service.DriverCommandExecutor.invokeExecute(DriverCommandExecutor.java:167)
at org.openqa.selenium.remote.service.DriverCommandExecutor.execute(DriverCommandExecutor.java:142)
at org.openqa.selenium.remote.RemoteWebDriver.execute(RemoteWebDriver.java:541)
at org.openqa.selenium.remote.RemoteWebDriver.get(RemoteWebDriver.java:310)
at com.dotKonnekt.base.BaseClass.launchApp_V1(BaseClass.java:92)
at com.dotKonnekt.tests.RecipePageTest.RecipePage_AddCommentinCommentSeection(RecipePageTest.java:277)
at java.base/java.util.ArrayList.forEach(ArrayList.java:1511)
... Removed 32 stack frames]]>
    </failure>
  </testcase> <!-- RecipePage_AddCommentinCommentSeection -->
  <testcase classname="com.dotKonnekt.tests.RecipePageTest" name="RecipePage_AddCommentinCommentSeection" time="40.825">
    <failure type="org.openqa.selenium.TimeoutException" message="timeout: Timed out receiving message from renderer: 39.081
  (Session info: chrome=110.0.5481.177)
Build info: version: &amp;apos;4.5.3&amp;apos;, revision: &amp;apos;4b786a1e430&amp;apos;
System info: os.name: &amp;apos;Windows 11&amp;apos;, os.arch: &amp;apos;amd64&amp;apos;, os.version: &amp;apos;10.0&amp;apos;, java.version: &amp;apos;17.0.5&amp;apos;
Driver info: org.openqa.selenium.chrome.ChromeDriver
Command: [98ec0ef82604a981a06c4f794929f1a6, get {url=https://develop.d1fzm6olmw007.amplifyapp.com/login}]
Capabilities {acceptInsecureCerts: false, browserName: chrome, browserVersion: 110.0.5481.177, chrome: {chromedriverVersion: 110.0.5481.77 (65ed616c6e8e..., userDataDir: C:\Users\garvi\AppData\Loca...}, goog:chromeOptions: {debuggerAddress: localhost:61808}, networkConnectionEnabled: false, pageLoadStrategy: normal, platformName: WINDOWS, proxy: Proxy(), se:cdp: ws://localhost:61808/devtoo..., se:cdpVersion: 110.0.5481.177, setWindowRect: true, strictFileInteractability: false, timeouts: {implicit: 0, pageLoad: 300000, script: 30000}, unhandledPromptBehavior: dismiss and notify, webauthn:extension:credBlob: true, webauthn:extension:largeBlob: true, webauthn:virtualAuthenticators: true}
Session ID: 98ec0ef82604a981a06c4f794929f1a6">
      <![CDATA[org.openqa.selenium.TimeoutException: timeout: Timed out receiving message from renderer: 39.081
  (Session info: chrome=110.0.5481.177)
Build info: version: '4.5.3', revision: '4b786a1e430'
System info: os.name: 'Windows 11', os.arch: 'amd64', os.version: '10.0', java.version: '17.0.5'
Driver info: org.openqa.selenium.chrome.ChromeDriver
Command: [98ec0ef82604a981a06c4f794929f1a6, get {url=https://develop.d1fzm6olmw007.amplifyapp.com/login}]
Capabilities {acceptInsecureCerts: false, browserName: chrome, browserVersion: 110.0.5481.177, chrome: {chromedriverVersion: 110.0.5481.77 (65ed616c6e8e..., userDataDir: C:\Users\garvi\AppData\Loca...}, goog:chromeOptions: {debuggerAddress: localhost:61808}, networkConnectionEnabled: false, pageLoadStrategy: normal, platformName: WINDOWS, proxy: Proxy(), se:cdp: ws://localhost:61808/devtoo..., se:cdpVersion: 110.0.5481.177, setWindowRect: true, strictFileInteractability: false, timeouts: {implicit: 0, pageLoad: 300000, script: 30000}, unhandledPromptBehavior: dismiss and notify, webauthn:extension:credBlob: true, webauthn:extension:largeBlob: true, webauthn:virtualAuthenticators: true}
Session ID: 98ec0ef82604a981a06c4f794929f1a6
at org.openqa.selenium.remote.codec.w3c.W3CHttpResponseCodec.createException(W3CHttpResponseCodec.java:200)
at org.openqa.selenium.remote.codec.w3c.W3CHttpResponseCodec.decode(W3CHttpResponseCodec.java:133)
at org.openqa.selenium.remote.codec.w3c.W3CHttpResponseCodec.decode(W3CHttpResponseCodec.java:53)
at org.openqa.selenium.remote.HttpCommandExecutor.execute(HttpCommandExecutor.java:184)
at org.openqa.selenium.remote.service.DriverCommandExecutor.invokeExecute(DriverCommandExecutor.java:167)
at org.openqa.selenium.remote.service.DriverCommandExecutor.execute(DriverCommandExecutor.java:142)
at org.openqa.selenium.remote.RemoteWebDriver.execute(RemoteWebDriver.java:541)
at org.openqa.selenium.remote.RemoteWebDriver.get(RemoteWebDriver.java:310)
at com.dotKonnekt.base.BaseClass.launchApp_V1(BaseClass.java:92)
at com.dotKonnekt.tests.RecipePageTest.RecipePage_AddCommentinCommentSeection(RecipePageTest.java:277)
at java.base/java.util.ArrayList.forEach(ArrayList.java:1511)
... Removed 32 stack frames]]>
    </failure>
  </testcase> <!-- RecipePage_AddCommentinCommentSeection -->
  <testcase classname="com.dotKonnekt.tests.RecipePageTest" name="RecipePage_bookMarkIconFunctionality" time="30.064">
    <failure type="java.lang.AssertionError" message="expected [19] but found [20]">
      <![CDATA[java.lang.AssertionError: expected [19] but found [20]
at com.dotKonnekt.pages.RecipePageFinal.BookMarkIconfunctionality(RecipePageFinal.java:208)
at com.dotKonnekt.tests.RecipePageTest.RecipePage_bookMarkIconFunctionality(RecipePageTest.java:296)
at java.base/java.util.ArrayList.forEach(ArrayList.java:1511)
... Removed 33 stack frames]]>
    </failure>
  </testcase> <!-- RecipePage_bookMarkIconFunctionality -->
  <testcase classname="com.dotKonnekt.tests.RecipePageTest" name="RecipePage_bookMarkIconFunctionality" time="31.931">
    <failure type="java.lang.AssertionError" message="expected [76] but found [77]">
      <![CDATA[java.lang.AssertionError: expected [76] but found [77]
at com.dotKonnekt.pages.RecipePageFinal.BookMarkIconfunctionality(RecipePageFinal.java:208)
at com.dotKonnekt.tests.RecipePageTest.RecipePage_bookMarkIconFunctionality(RecipePageTest.java:296)
at java.base/java.util.ArrayList.forEach(ArrayList.java:1511)
... Removed 33 stack frames]]>
    </failure>
  </testcase> <!-- RecipePage_bookMarkIconFunctionality -->
  <testcase classname="com.dotKonnekt.tests.RecipePageTest" name="RecipePage_bookMarkIconFunctionality" time="40.83">
    <failure type="org.openqa.selenium.TimeoutException" message="timeout: Timed out receiving message from renderer: 38.721
  (Session info: chrome=110.0.5481.177)
Build info: version: &amp;apos;4.5.3&amp;apos;, revision: &amp;apos;4b786a1e430&amp;apos;
System info: os.name: &amp;apos;Windows 11&amp;apos;, os.arch: &amp;apos;amd64&amp;apos;, os.version: &amp;apos;10.0&amp;apos;, java.version: &amp;apos;17.0.5&amp;apos;
Driver info: org.openqa.selenium.chrome.ChromeDriver
Command: [b46ab805606500c6bc8de935d4e8e4ff, get {url=https://develop.d1fzm6olmw007.amplifyapp.com/recipe/paneer-butter-masala-recipe}]
Capabilities {acceptInsecureCerts: false, browserName: chrome, browserVersion: 110.0.5481.177, chrome: {chromedriverVersion: 110.0.5481.77 (65ed616c6e8e..., userDataDir: C:\Users\garvi\AppData\Loca...}, goog:chromeOptions: {debuggerAddress: localhost:61998}, networkConnectionEnabled: false, pageLoadStrategy: normal, platformName: WINDOWS, proxy: Proxy(), se:cdp: ws://localhost:61998/devtoo..., se:cdpVersion: 110.0.5481.177, setWindowRect: true, strictFileInteractability: false, timeouts: {implicit: 0, pageLoad: 300000, script: 30000}, unhandledPromptBehavior: dismiss and notify, webauthn:extension:credBlob: true, webauthn:extension:largeBlob: true, webauthn:virtualAuthenticators: true}
Session ID: b46ab805606500c6bc8de935d4e8e4ff">
      <![CDATA[org.openqa.selenium.TimeoutException: timeout: Timed out receiving message from renderer: 38.721
  (Session info: chrome=110.0.5481.177)
Build info: version: '4.5.3', revision: '4b786a1e430'
System info: os.name: 'Windows 11', os.arch: 'amd64', os.version: '10.0', java.version: '17.0.5'
Driver info: org.openqa.selenium.chrome.ChromeDriver
Command: [b46ab805606500c6bc8de935d4e8e4ff, get {url=https://develop.d1fzm6olmw007.amplifyapp.com/recipe/paneer-butter-masala-recipe}]
Capabilities {acceptInsecureCerts: false, browserName: chrome, browserVersion: 110.0.5481.177, chrome: {chromedriverVersion: 110.0.5481.77 (65ed616c6e8e..., userDataDir: C:\Users\garvi\AppData\Loca...}, goog:chromeOptions: {debuggerAddress: localhost:61998}, networkConnectionEnabled: false, pageLoadStrategy: normal, platformName: WINDOWS, proxy: Proxy(), se:cdp: ws://localhost:61998/devtoo..., se:cdpVersion: 110.0.5481.177, setWindowRect: true, strictFileInteractability: false, timeouts: {implicit: 0, pageLoad: 300000, script: 30000}, unhandledPromptBehavior: dismiss and notify, webauthn:extension:credBlob: true, webauthn:extension:largeBlob: true, webauthn:virtualAuthenticators: true}
Session ID: b46ab805606500c6bc8de935d4e8e4ff
at org.openqa.selenium.remote.codec.w3c.W3CHttpResponseCodec.createException(W3CHttpResponseCodec.java:200)
at org.openqa.selenium.remote.codec.w3c.W3CHttpResponseCodec.decode(W3CHttpResponseCodec.java:133)
at org.openqa.selenium.remote.codec.w3c.W3CHttpResponseCodec.decode(W3CHttpResponseCodec.java:53)
at org.openqa.selenium.remote.HttpCommandExecutor.execute(HttpCommandExecutor.java:184)
at org.openqa.selenium.remote.service.DriverCommandExecutor.invokeExecute(DriverCommandExecutor.java:167)
at org.openqa.selenium.remote.service.DriverCommandExecutor.execute(DriverCommandExecutor.java:142)
at org.openqa.selenium.remote.RemoteWebDriver.execute(RemoteWebDriver.java:541)
at org.openqa.selenium.remote.RemoteWebDriver.get(RemoteWebDriver.java:310)
at com.dotKonnekt.base.BaseClass.launchApp_V1(BaseClass.java:92)
at com.dotKonnekt.tests.RecipePageTest.RecipePage_bookMarkIconFunctionality(RecipePageTest.java:295)
at java.base/java.util.ArrayList.forEach(ArrayList.java:1511)
... Removed 32 stack frames]]>
    </failure>
  </testcase> <!-- RecipePage_bookMarkIconFunctionality -->
  <testcase classname="com.dotKonnekt.tests.RecipePageTest" name="RecipePage_likeIconFunctionality" time="29.15">
    <failure type="java.lang.AssertionError" message="expected [24] but found [25]">
      <![CDATA[java.lang.AssertionError: expected [24] but found [25]
at com.dotKonnekt.pages.RecipePageFinal.LikeIconfunctionality(RecipePageFinal.java:168)
at com.dotKonnekt.tests.RecipePageTest.RecipePage_likeIconFunctionality(RecipePageTest.java:308)
at java.base/java.util.ArrayList.forEach(ArrayList.java:1511)
... Removed 33 stack frames]]>
    </failure>
  </testcase> <!-- RecipePage_likeIconFunctionality -->
  <testcase classname="com.dotKonnekt.tests.RecipePageTest" name="RecipePage_likeIconFunctionality" time="21.757">
    <failure type="java.lang.AssertionError" message="expected [23] but found [24]">
      <![CDATA[java.lang.AssertionError: expected [23] but found [24]
at com.dotKonnekt.pages.RecipePageFinal.LikeIconfunctionality(RecipePageFinal.java:168)
at com.dotKonnekt.tests.RecipePageTest.RecipePage_likeIconFunctionality(RecipePageTest.java:308)
at java.base/java.util.ArrayList.forEach(ArrayList.java:1511)
... Removed 33 stack frames]]>
    </failure>
  </testcase> <!-- RecipePage_likeIconFunctionality -->
  <testcase classname="com.dotKonnekt.tests.RecipePageTest" name="RecipePage_likeIconFunctionality" time="24.699">
    <failure type="java.lang.AssertionError" message="expected [1] but found [2]">
      <![CDATA[java.lang.AssertionError: expected [1] but found [2]
at com.dotKonnekt.pages.RecipePageFinal.LikeIconfunctionality(RecipePageFinal.java:168)
at com.dotKonnekt.tests.RecipePageTest.RecipePage_likeIconFunctionality(RecipePageTest.java:308)
at java.base/java.util.ArrayList.forEach(ArrayList.java:1511)
... Removed 33 stack frames]]>
    </failure>
  </testcase> <!-- RecipePage_likeIconFunctionality -->
  <testcase classname="com.dotKonnekt.tests.RecipePageTest" name="RecipePage_recipeImage" time="0.0">
    <ignored/>
  </testcase> <!-- RecipePage_recipeImage -->
  <testcase classname="com.dotKonnekt.tests.RecipePageTest" name="RecipePage_RecipeVideoverification" time="0.0">
    <ignored/>
  </testcase> <!-- RecipePage_RecipeVideoverification -->
  <testcase classname="com.dotKonnekt.tests.RecipePageTest" name="RecipePage_TitleVerification" time="0.0">
    <ignored/>
  </testcase> <!-- RecipePage_TitleVerification -->
  <testcase classname="com.dotKonnekt.tests.RecipePageTest" name="RecipePage_BreadCrumbVerification" time="0.0">
    <ignored/>
  </testcase> <!-- RecipePage_BreadCrumbVerification -->
  <testcase classname="com.dotKonnekt.tests.RecipePageTest" name="RecipePage_authornameVerification" time="0.0">
    <ignored/>
  </testcase> <!-- RecipePage_authornameVerification -->
  <testcase classname="com.dotKonnekt.tests.RecipePageTest" name="RecipePage_commentsSection" time="0.0">
    <ignored/>
  </testcase> <!-- RecipePage_commentsSection -->
  <testcase classname="com.dotKonnekt.tests.RecipePageTest" name="RecipePage_UserFunctionalityVerification" time="0.0">
    <ignored/>
  </testcase> <!-- RecipePage_UserFunctionalityVerification -->
  <testcase classname="com.dotKonnekt.tests.RecipePageTest" name="RecipePage_SearchFucntionalityVerification" time="0.0">
    <ignored/>
  </testcase> <!-- RecipePage_SearchFucntionalityVerification -->
  <testcase classname="com.dotKonnekt.tests.RecipePageTest" name="RecipePage_LogoFunctionalityVerification" time="0.0">
    <ignored/>
  </testcase> <!-- RecipePage_LogoFunctionalityVerification -->
  <testcase classname="com.dotKonnekt.tests.RecipePageTest" name="RecipePage_shopTheIngredientsVeriffication" time="0.0">
    <ignored/>
  </testcase> <!-- RecipePage_shopTheIngredientsVeriffication -->
  <testcase classname="com.dotKonnekt.tests.RecipePageTest" name="RecipePage_categoryElements" time="0.0">
    <ignored/>
  </testcase> <!-- RecipePage_categoryElements -->
  <testcase classname="com.dotKonnekt.tests.RecipePageTest" name="RecipePage_likeIconFunctionality1" time="0.0">
    <ignored/>
  </testcase> <!-- RecipePage_likeIconFunctionality1 -->
  <testcase classname="com.dotKonnekt.tests.RecipePageTest" name="RecipePage_NutritionlistVerification" time="0.0">
    <ignored/>
  </testcase> <!-- RecipePage_NutritionlistVerification -->
  <testcase classname="com.dotKonnekt.tests.RecipePageTest" name="RecipePage_blogTitleVerification" time="0.0">
    <ignored/>
  </testcase> <!-- RecipePage_blogTitleVerification -->
  <testcase classname="com.dotKonnekt.tests.RecipePageTest" name="RecipePage_addCommentVerification" time="0.0">
    <ignored/>
  </testcase> <!-- RecipePage_addCommentVerification -->
  <testcase classname="com.dotKonnekt.tests.RecipePageTest" name="RecipePage_TaglistElementsVerification" time="0.0">
    <ignored/>
  </testcase> <!-- RecipePage_TaglistElementsVerification -->
  <testcase classname="com.dotKonnekt.tests.RecipePageTest" name="RecipePage_CartFucntionalityVerification" time="0.0">
    <ignored/>
  </testcase> <!-- RecipePage_CartFucntionalityVerification -->
  <testcase classname="com.dotKonnekt.tests.RecipePageTest" name="RecipePage_tagsVerification" time="0.0">
    <ignored/>
  </testcase> <!-- RecipePage_tagsVerification -->
</testsuite> <!-- Test -->
