<?xml version="1.0" encoding="UTF-8"?>
<testng-results ignored="1" total="5" passed="4" failed="0" skipped="0">
  <reporter-output>
  </reporter-output>
  <suite started-at="2022-11-28T14:51:06 IST" name="Default suite" finished-at="2022-11-28T14:52:03 IST" duration-ms="57113">
    <groups>
    </groups>
    <test started-at="2022-11-28T14:51:06 IST" name="Default test" finished-at="2022-11-28T14:52:03 IST" duration-ms="57113">
      <class name="com.dotKonnekt.tests.RecipePageTest">
        <test-method is-config="true" signature="loadConfig()[pri:0, instance:com.dotKonnekt.tests.RecipePageTest@49dc7102]" started-at="2022-11-28T14:51:06 IST" name="loadConfig" finished-at="2022-11-28T14:51:06 IST" duration-ms="416" status="PASS">
          <reporter-output>
          </reporter-output>
        </test-method> <!-- loadConfig -->
        <test-method is-config="true" signature="setup()[pri:0, instance:com.dotKonnekt.tests.RecipePageTest@49dc7102]" started-at="2022-11-28T14:51:06 IST" name="setup" finished-at="2022-11-28T14:51:20 IST" duration-ms="13822" status="PASS">
          <reporter-output>
          </reporter-output>
        </test-method> <!-- setup -->
        <test-method signature="verifyTitle()[pri:0, instance:com.dotKonnekt.tests.RecipePageTest@49dc7102]" started-at="2022-11-28T14:51:20 IST" name="verifyTitle" finished-at="2022-11-28T14:51:20 IST" duration-ms="64" status="PASS">
          <reporter-output>
          </reporter-output>
        </test-method> <!-- verifyTitle -->
        <test-method is-config="true" signature="tearDown()[pri:0, instance:com.dotKonnekt.tests.RecipePageTest@49dc7102]" started-at="2022-11-28T14:51:20 IST" name="tearDown" finished-at="2022-11-28T14:51:27 IST" duration-ms="6392" status="PASS">
          <reporter-output>
          </reporter-output>
        </test-method> <!-- tearDown -->
        <test-method is-config="true" signature="setup()[pri:0, instance:com.dotKonnekt.tests.RecipePageTest@49dc7102]" started-at="2022-11-28T14:51:27 IST" name="setup" finished-at="2022-11-28T14:51:31 IST" duration-ms="4514" status="PASS">
          <reporter-output>
          </reporter-output>
        </test-method> <!-- setup -->
        <test-method signature="verifyPageHeader()[pri:1, instance:com.dotKonnekt.tests.RecipePageTest@49dc7102]" started-at="2022-11-28T14:51:31 IST" name="verifyPageHeader" finished-at="2022-11-28T14:51:37 IST" duration-ms="5455" status="PASS">
          <reporter-output>
          </reporter-output>
        </test-method> <!-- verifyPageHeader -->
        <test-method is-config="true" signature="tearDown()[pri:0, instance:com.dotKonnekt.tests.RecipePageTest@49dc7102]" started-at="2022-11-28T14:51:37 IST" name="tearDown" finished-at="2022-11-28T14:51:37 IST" duration-ms="167" status="PASS">
          <reporter-output>
          </reporter-output>
        </test-method> <!-- tearDown -->
        <test-method is-config="true" signature="setup()[pri:0, instance:com.dotKonnekt.tests.RecipePageTest@49dc7102]" started-at="2022-11-28T14:51:37 IST" name="setup" finished-at="2022-11-28T14:51:41 IST" duration-ms="4506" status="PASS">
          <reporter-output>
          </reporter-output>
        </test-method> <!-- setup -->
        <test-method signature="verifyDirections()[pri:3, instance:com.dotKonnekt.tests.RecipePageTest@49dc7102]" started-at="2022-11-28T14:51:41 IST" name="verifyDirections" finished-at="2022-11-28T14:51:44 IST" duration-ms="2777" status="PASS">
          <reporter-output>
          </reporter-output>
        </test-method> <!-- verifyDirections -->
        <test-method is-config="true" signature="tearDown()[pri:0, instance:com.dotKonnekt.tests.RecipePageTest@49dc7102]" started-at="2022-11-28T14:51:44 IST" name="tearDown" finished-at="2022-11-28T14:51:50 IST" duration-ms="5514" status="PASS">
          <reporter-output>
          </reporter-output>
        </test-method> <!-- tearDown -->
        <test-method is-config="true" signature="setup()[pri:0, instance:com.dotKonnekt.tests.RecipePageTest@49dc7102]" started-at="2022-11-28T14:51:50 IST" name="setup" finished-at="2022-11-28T14:51:56 IST" duration-ms="6722" status="PASS">
          <reporter-output>
          </reporter-output>
        </test-method> <!-- setup -->
        <test-method signature="verifyBlog()[pri:4, instance:com.dotKonnekt.tests.RecipePageTest@49dc7102]" started-at="2022-11-28T14:51:56 IST" name="verifyBlog" finished-at="2022-11-28T14:52:03 IST" duration-ms="6846" status="PASS">
          <reporter-output>
          </reporter-output>
        </test-method> <!-- verifyBlog -->
        <test-method is-config="true" signature="tearDown()[pri:0, instance:com.dotKonnekt.tests.RecipePageTest@49dc7102]" started-at="2022-11-28T14:52:03 IST" name="tearDown" finished-at="2022-11-28T14:52:03 IST" duration-ms="287" status="PASS">
          <reporter-output>
          </reporter-output>
        </test-method> <!-- tearDown -->
        <test-method is-config="true" signature="flush()[pri:0, instance:com.dotKonnekt.tests.RecipePageTest@49dc7102]" started-at="2022-11-28T14:52:03 IST" name="flush" finished-at="2022-11-28T14:52:04 IST" duration-ms="447" status="PASS">
          <reporter-output>
          </reporter-output>
        </test-method> <!-- flush -->
      </class> <!-- com.dotKonnekt.tests.RecipePageTest -->
    </test> <!-- Default test -->
  </suite> <!-- Default suite -->
</testng-results>
