<?xml version="1.0" encoding="UTF-8"?>
<testng-results ignored="0" total="1" passed="1" failed="0" skipped="0">
  <reporter-output>
  </reporter-output>
  <suite started-at="2022-12-05T17:08:32 IST" name="Default suite" finished-at="2022-12-05T17:08:39 IST" duration-ms="6347">
    <groups>
    </groups>
    <test started-at="2022-12-05T17:08:32 IST" name="Default test" finished-at="2022-12-05T17:08:39 IST" duration-ms="6347">
      <class name="com.dotKonnekt.tests.RecipePage3">
        <test-method is-config="true" signature="loadConfig()[pri:0, instance:com.dotKonnekt.tests.RecipePage3@7690781]" started-at="2022-12-05T17:08:32 IST" name="loadConfig" finished-at="2022-12-05T17:08:32 IST" duration-ms="492" status="PASS">
          <reporter-output>
          </reporter-output>
        </test-method> <!-- loadConfig -->
        <test-method signature="recipePagesetUp(java.lang.String,java.lang.String,java.lang.String,java.lang.String,java.lang.String,java.lang.String,java.lang.String,java.lang.String,java.lang.String)[pri:0, instance:com.dotKonnekt.tests.RecipePage3@7690781]" started-at="2022-12-05T17:08:33 IST" name="recipePagesetUp" data-provider="getTitle" finished-at="2022-12-05T17:08:38 IST" duration-ms="4869" status="PASS">
          <params>
            <param index="0">
              <value>
                <![CDATA[RecipePage]]>
              </value>
            </param>
            <param index="1">
              <value>
                <![CDATA[RecipePage]]>
              </value>
            </param>
            <param index="2">
              <value>
                <![CDATA[Chrome]]>
              </value>
            </param>
            <param index="3">
              <value>
                <![CDATA[https://develop.d1fzm6olmw007.amplifyapp.com/recipe/sugarcane-juice-black-wheat-muffins-cake]]>
              </value>
            </param>
            <param index="4">
              <value>
                <![CDATA[Nithya mahindra]]>
              </value>
            </param>
            <param index="5">
              <value>
                <![CDATA[SKIN,HAIR,MAKEUP,FRAGRANCE,WELLNESS,STYLE]]>
              </value>
            </param>
            <param index="6">
              <value>
                <![CDATA[/07 Jan 2021/]]>
              </value>
            </param>
            <param index="7">
              <value>
                <![CDATA[Sugarcane juice black wheat muffins/cake]]>
              </value>
            </param>
            <param index="8">
              <value>
                <![CDATA[1/2 cup whole wheat flour-1/4 cup black wheat flour (or bajra flour or again whole wheat flour if black wheat is unavailable)-1 & 1/2 tsp baking powder-1/4 cup powdered palm jaggery (powdered organic Sulphur free jaggery)-1 tsp baking soda-1 stick of vanilla pod (take the inside flesh of the vanilla pod) -1/2 cup fresh sugarcane juice-1/4 cup cold-pressed olive oil (can also use cashew paste. To make cashew paste - soak 1/4 cup cashew for 2 hours and puree it,using 2-4,tbsp water and not more) -1/4 cup fresh pumpkin puree (steam yellow pumpkin and puree it )]]>
              </value>
            </param>
          </params>
          <reporter-output>
          </reporter-output>
        </test-method> <!-- recipePagesetUp -->
        <test-method is-config="true" signature="teardown()[pri:0, instance:com.dotKonnekt.tests.RecipePage3@7690781]" started-at="2022-12-05T17:08:38 IST" name="teardown" finished-at="2022-12-05T17:08:39 IST" duration-ms="169" status="PASS">
          <reporter-output>
          </reporter-output>
        </test-method> <!-- teardown -->
        <test-method is-config="true" signature="flush()[pri:0, instance:com.dotKonnekt.tests.RecipePage3@7690781]" started-at="2022-12-05T17:08:39 IST" name="flush" finished-at="2022-12-05T17:08:39 IST" duration-ms="371" status="PASS">
          <reporter-output>
          </reporter-output>
        </test-method> <!-- flush -->
      </class> <!-- com.dotKonnekt.tests.RecipePage3 -->
    </test> <!-- Default test -->
  </suite> <!-- Default suite -->
</testng-results>
